\BOOKMARK [1][-]{section.1}{What}{}% 1
\BOOKMARK [1][-]{section.2}{Why}{}% 2
\BOOKMARK [2][-]{subsection.2.1}{Problems}{section.2}% 3
\BOOKMARK [2][-]{subsection.2.2}{Solution}{section.2}% 4
\BOOKMARK [1][-]{section.3}{Who}{}% 5
\BOOKMARK [2][-]{subsection.3.1}{Ecosystem}{section.3}% 6
\BOOKMARK [2][-]{subsection.3.2}{Players}{section.3}% 7
\BOOKMARK [3][-]{subsubsection.3.2.1}{Travel Agent}{subsection.3.2}% 8
\BOOKMARK [3][-]{subsubsection.3.2.2}{Global Distribution System \(GDS\)}{subsection.3.2}% 9
\BOOKMARK [3][-]{subsubsection.3.2.3}{Online Travel Agent \(OTA\)}{subsection.3.2}% 10
\BOOKMARK [3][-]{subsubsection.3.2.4}{Channel Manager}{subsection.3.2}% 11
\BOOKMARK [3][-]{subsubsection.3.2.5}{Property Management System \(PMS\)}{subsection.3.2}% 12
\BOOKMARK [2][-]{subsection.3.3}{Proposed Ecosystem}{section.3}% 13
\BOOKMARK [1][-]{section.4}{How}{}% 14
\BOOKMARK [2][-]{subsection.4.1}{Data}{section.4}% 15
\BOOKMARK [2][-]{subsection.4.2}{Traveler}{section.4}% 16
\BOOKMARK [3][-]{subsubsection.4.2.1}{Search}{subsection.4.2}% 17
\BOOKMARK [3][-]{subsubsection.4.2.2}{Compare}{subsection.4.2}% 18
\BOOKMARK [3][-]{subsubsection.4.2.3}{Book}{subsection.4.2}% 19
\BOOKMARK [3][-]{subsubsection.4.2.4}{Purchase}{subsection.4.2}% 20
\BOOKMARK [2][-]{subsection.4.3}{Hotel}{section.4}% 21
\BOOKMARK [3][-]{subsubsection.4.3.1}{Guest Management}{subsection.4.3}% 22
\BOOKMARK [3][-]{subsubsection.4.3.2}{Housekeeping and Maintenance}{subsection.4.3}% 23
\BOOKMARK [3][-]{subsubsection.4.3.3}{Revenue Management}{subsection.4.3}% 24
\BOOKMARK [3][-]{subsubsection.4.3.4}{Payment Processing}{subsection.4.3}% 25
\BOOKMARK [3][-]{subsubsection.4.3.5}{Report Generation}{subsection.4.3}% 26
\BOOKMARK [3][-]{subsubsection.4.3.6}{Channel Management}{subsection.4.3}% 27
\BOOKMARK [2][-]{subsection.4.4}{Dispute}{section.4}% 28
\BOOKMARK [1][-]{section.5}{Steps}{}% 29
\BOOKMARK [2][-]{subsection.5.1}{The Exchange Building}{section.5}% 30
\BOOKMARK [3][-]{subsubsection.5.1.1}{Proof of Concept}{subsection.5.1}% 31
\BOOKMARK [3][-]{subsubsection.5.1.2}{Minimum Viable Product}{subsection.5.1}% 32
\BOOKMARK [2][-]{subsection.5.2}{Early Adopters}{section.5}% 33
\BOOKMARK [3][-]{subsubsection.5.2.1}{Free interface for travelers.}{subsection.5.2}% 34
\BOOKMARK [3][-]{subsubsection.5.2.2}{Free interface for individual hosts.}{subsection.5.2}% 35
\BOOKMARK [3][-]{subsubsection.5.2.3}{Paid interface for hotels.}{subsection.5.2}% 36
\BOOKMARK [2][-]{subsection.5.3}{More Adopters}{section.5}% 37
